0 info it worked if it ends with ok
1 verbose cli [ '/usr/bin/node', '/usr/bin/npm', 'install', '-g', 'n' ]
2 info using npm@3.10.10
3 info using node@v6.11.1
4 silly loadCurrentTree Starting
5 silly install loadCurrentTree
6 silly install readGlobalPackageData
7 silly fetchPackageMetaData n
8 silly fetchNamedPackageData n
9 silly mapToRegistry name n
10 silly mapToRegistry using default registry
11 silly mapToRegistry registry https://registry.npmjs.org/
12 silly mapToRegistry data Result {
12 silly mapToRegistry   raw: 'n',
12 silly mapToRegistry   scope: null,
12 silly mapToRegistry   escapedName: 'n',
12 silly mapToRegistry   name: 'n',
12 silly mapToRegistry   rawSpec: '',
12 silly mapToRegistry   spec: 'latest',
12 silly mapToRegistry   type: 'tag' }
13 silly mapToRegistry uri https://registry.npmjs.org/n
14 verbose request uri https://registry.npmjs.org/n
15 verbose request no auth needed
16 info attempt registry request try #1 at 2:23:47 PM
17 verbose request id adf2312fbbc4b7a0
18 http request GET https://registry.npmjs.org/n
19 http 200 https://registry.npmjs.org/n
20 verbose headers { server: 'nginx/1.10.1',
20 verbose headers   'content-type': 'application/json',
20 verbose headers   'last-modified': 'Sun, 09 Jul 2017 17:08:56 GMT',
20 verbose headers   etag: 'W/"59626328-116ab"',
20 verbose headers   'content-encoding': 'gzip',
20 verbose headers   'cache-control': 'max-age=300',
20 verbose headers   'content-length': '11779',
20 verbose headers   'accept-ranges': 'bytes',
20 verbose headers   date: 'Thu, 13 Jul 2017 14:23:47 GMT',
20 verbose headers   via: '1.1 varnish',
20 verbose headers   age: '287',
20 verbose headers   connection: 'keep-alive',
20 verbose headers   'x-served-by': 'cache-iad2133-IAD',
20 verbose headers   'x-cache': 'HIT',
20 verbose headers   'x-cache-hits': '1',
20 verbose headers   'x-timer': 'S1499955828.970751,VS0,VE1',
20 verbose headers   vary: 'Accept-Encoding, Accept' }
21 silly get cb [ 200,
21 silly get   { server: 'nginx/1.10.1',
21 silly get     'content-type': 'application/json',
21 silly get     'last-modified': 'Sun, 09 Jul 2017 17:08:56 GMT',
21 silly get     etag: 'W/"59626328-116ab"',
21 silly get     'content-encoding': 'gzip',
21 silly get     'cache-control': 'max-age=300',
21 silly get     'content-length': '11779',
21 silly get     'accept-ranges': 'bytes',
21 silly get     date: 'Thu, 13 Jul 2017 14:23:47 GMT',
21 silly get     via: '1.1 varnish',
21 silly get     age: '287',
21 silly get     connection: 'keep-alive',
21 silly get     'x-served-by': 'cache-iad2133-IAD',
21 silly get     'x-cache': 'HIT',
21 silly get     'x-cache-hits': '1',
21 silly get     'x-timer': 'S1499955828.970751,VS0,VE1',
21 silly get     vary: 'Accept-Encoding, Accept' } ]
22 verbose get saving n to /var/www/.npm/registry.npmjs.org/n/.cache.json
23 verbose correctMkdir /var/www/.npm correctMkdir not in flight; initializing
24 verbose makeDirectory /var/www/.npm creation not in flight; initializing
25 silly makeDirectory /var/www/.npm uid: 48 gid: 48
26 silly install normalizeTree
27 silly loadCurrentTree Finishing
28 silly loadIdealTree Starting
29 silly install loadIdealTree
30 silly cloneCurrentTree Starting
31 silly install cloneCurrentTreeToIdealTree
32 silly cloneCurrentTree Finishing
33 silly loadShrinkwrap Starting
34 silly install loadShrinkwrap
35 silly loadShrinkwrap Finishing
36 silly loadAllDepsIntoIdealTree Starting
37 silly install loadAllDepsIntoIdealTree
38 silly resolveWithNewModule n@2.1.8 checking installable status
39 silly cache add args [ 'n', null ]
40 verbose cache add spec n
41 silly cache add parsed spec Result {
41 silly cache add   raw: 'n',
41 silly cache add   scope: null,
41 silly cache add   escapedName: 'n',
41 silly cache add   name: 'n',
41 silly cache add   rawSpec: '',
41 silly cache add   spec: 'latest',
41 silly cache add   type: 'tag' }
42 silly addNamed n@latest
43 verbose addNamed "latest" is being treated as a dist-tag for n
44 info addNameTag [ 'n', 'latest' ]
45 silly mapToRegistry name n
46 silly mapToRegistry using default registry
47 silly mapToRegistry registry https://registry.npmjs.org/
48 silly mapToRegistry data Result {
48 silly mapToRegistry   raw: 'n',
48 silly mapToRegistry   scope: null,
48 silly mapToRegistry   escapedName: 'n',
48 silly mapToRegistry   name: 'n',
48 silly mapToRegistry   rawSpec: '',
48 silly mapToRegistry   spec: 'latest',
48 silly mapToRegistry   type: 'tag' }
49 silly mapToRegistry uri https://registry.npmjs.org/n
50 verbose addNameTag registry:https://registry.npmjs.org/n not in flight; fetching
51 verbose request uri https://registry.npmjs.org/n
52 verbose request no auth needed
53 info attempt registry request try #1 at 2:23:48 PM
54 http request GET https://registry.npmjs.org/n
55 http 200 https://registry.npmjs.org/n
56 verbose headers { server: 'nginx/1.10.1',
56 verbose headers   'content-type': 'application/json',
56 verbose headers   'last-modified': 'Sun, 09 Jul 2017 17:08:56 GMT',
56 verbose headers   etag: 'W/"59626328-116ab"',
56 verbose headers   'content-encoding': 'gzip',
56 verbose headers   'cache-control': 'max-age=300',
56 verbose headers   'content-length': '11779',
56 verbose headers   'accept-ranges': 'bytes',
56 verbose headers   date: 'Thu, 13 Jul 2017 14:23:48 GMT',
56 verbose headers   via: '1.1 varnish',
56 verbose headers   age: '287',
56 verbose headers   connection: 'keep-alive',
56 verbose headers   'x-served-by': 'cache-iad2133-IAD',
56 verbose headers   'x-cache': 'HIT',
56 verbose headers   'x-cache-hits': '2',
56 verbose headers   'x-timer': 'S1499955828.046849,VS0,VE0',
56 verbose headers   vary: 'Accept-Encoding, Accept' }
57 silly get cb [ 200,
57 silly get   { server: 'nginx/1.10.1',
57 silly get     'content-type': 'application/json',
57 silly get     'last-modified': 'Sun, 09 Jul 2017 17:08:56 GMT',
57 silly get     etag: 'W/"59626328-116ab"',
57 silly get     'content-encoding': 'gzip',
57 silly get     'cache-control': 'max-age=300',
57 silly get     'content-length': '11779',
57 silly get     'accept-ranges': 'bytes',
57 silly get     date: 'Thu, 13 Jul 2017 14:23:48 GMT',
57 silly get     via: '1.1 varnish',
57 silly get     age: '287',
57 silly get     connection: 'keep-alive',
57 silly get     'x-served-by': 'cache-iad2133-IAD',
57 silly get     'x-cache': 'HIT',
57 silly get     'x-cache-hits': '2',
57 silly get     'x-timer': 'S1499955828.046849,VS0,VE0',
57 silly get     vary: 'Accept-Encoding, Accept' } ]
58 verbose get saving n to /var/www/.npm/registry.npmjs.org/n/.cache.json
59 verbose correctMkdir /var/www/.npm correctMkdir not in flight; initializing
60 silly addNameTag next cb for n with tag latest
61 silly addNamed n@2.1.8
62 verbose addNamed "2.1.8" is a plain semver version for n
63 silly mapToRegistry name n
64 silly mapToRegistry using default registry
65 silly mapToRegistry registry https://registry.npmjs.org/
66 silly mapToRegistry data Result {
66 silly mapToRegistry   raw: 'n',
66 silly mapToRegistry   scope: null,
66 silly mapToRegistry   escapedName: 'n',
66 silly mapToRegistry   name: 'n',
66 silly mapToRegistry   rawSpec: '',
66 silly mapToRegistry   spec: 'latest',
66 silly mapToRegistry   type: 'tag' }
67 silly mapToRegistry uri https://registry.npmjs.org/n
68 verbose addRemoteTarball https://registry.npmjs.org/n/-/n-2.1.8.tgz not in flight; adding
69 verbose addRemoteTarball [ 'https://registry.npmjs.org/n/-/n-2.1.8.tgz',
69 verbose addRemoteTarball   '9b770f6ae0a93c49c64fb614625a63cc5a22d1fd' ]
70 info retry fetch attempt 1 at 2:23:48 PM
71 info attempt registry request try #1 at 2:23:48 PM
72 http fetch GET https://registry.npmjs.org/n/-/n-2.1.8.tgz
73 http fetch 200 https://registry.npmjs.org/n/-/n-2.1.8.tgz
74 silly fetchAndShaCheck shasum 9b770f6ae0a93c49c64fb614625a63cc5a22d1fd
75 verbose addTmpTarball /tmp/npm-28054-40771ee1/registry.npmjs.org/n/-/n-2.1.8.tgz not in flight; adding
76 verbose addTmpTarball already have metadata; skipping unpack for n@2.1.8
77 verbose correctMkdir /var/www/.npm correctMkdir not in flight; initializing
78 silly rollbackFailedOptional Starting
79 silly rollbackFailedOptional Finishing
80 silly runTopLevelLifecycles Finishing
81 silly install printInstalled
82 verbose stack Error: EACCES: permission denied, mkdir '/var/www/.npm'
82 verbose stack     at Error (native)
83 verbose cwd /var/www/html/lab
84 error Linux 4.9.32-15.41.amzn1.x86_64
85 error argv "/usr/bin/node" "/usr/bin/npm" "install" "-g" "n"
86 error node v6.11.1
87 error npm  v3.10.10
88 error path /var/www/.npm
89 error code EACCES
90 error errno -13
91 error syscall mkdir
92 error Error: EACCES: permission denied, mkdir '/var/www/.npm'
92 error     at Error (native)
92 error  { Error: EACCES: permission denied, mkdir '/var/www/.npm'
92 error     at Error (native)
92 error   errno: -13,
92 error   code: 'EACCES',
92 error   syscall: 'mkdir',
92 error   path: '/var/www/.npm' }
93 error Please try running this command again as root/Administrator.
94 verbose exit [ -13, true ]
